[2025-08-07 05:48:35.263] [3508] [HailoRT] [info] [vdevice_native_stream.cpp:331] [read_impl] Failed read from stream HAILO_STREAM_ABORT(63) (device: 0001:01:00.0)
[2025-08-07 05:48:35.263] [3508] [HailoRT] [info] [edge_elements.cpp:396] [run_pull] Reading from stream was aborted!
[2025-08-07 05:48:35.263] [3508] [HailoRT] [info] [queue_elements.cpp:738] [run_in_thread] run_pull of queue element PullQEl_nms0yolov8n/conv63_97 was aborted!
[2025-08-07 05:48:35.263] [3504] [HailoRT] [info] [vdevice_native_stream.cpp:331] [read_impl] Failed read from stream HAILO_STREAM_ABORT(63) (device: 0001:01:00.0)
[2025-08-07 05:48:35.264] [3504] [HailoRT] [info] [edge_elements.cpp:396] [run_pull] Reading from stream was aborted!
[2025-08-07 05:48:35.264] [3504] [HailoRT] [info] [queue_elements.cpp:738] [run_in_thread] run_pull of queue element PullQEl_nms1yolov8n/conv42_97 was aborted!
[2025-08-07 05:48:35.264] [3505] [HailoRT] [info] [vdevice_native_stream.cpp:331] [read_impl] Failed read from stream HAILO_STREAM_ABORT(63) (device: 0001:01:00.0)
[2025-08-07 05:48:35.264] [3505] [HailoRT] [info] [edge_elements.cpp:396] [run_pull] Reading from stream was aborted!
[2025-08-07 05:48:35.264] [3505] [HailoRT] [info] [queue_elements.cpp:738] [run_in_thread] run_pull of queue element PullQEl_nms3yolov8n/conv52_97 was aborted!
[2025-08-07 05:48:35.264] [3507] [HailoRT] [info] [vdevice_native_stream.cpp:331] [read_impl] Failed read from stream HAILO_STREAM_ABORT(63) (device: 0001:01:00.0)
[2025-08-07 05:48:35.264] [3507] [HailoRT] [info] [edge_elements.cpp:396] [run_pull] Reading from stream was aborted!
[2025-08-07 05:48:35.264] [3507] [HailoRT] [info] [queue_elements.cpp:738] [run_in_thread] run_pull of queue element PullQEl_nms1yolov8n/conv62_97 was aborted!
[2025-08-07 05:48:35.264] [3509] [HailoRT] [info] [queue_elements.cpp:68] [operator()] Thread in element UserBufQEl_post_infer0yolov8n/yolov8_nms_postprocess is not running anymore, exiting..
[2025-08-07 05:48:35.264] [3488] [HailoRT] [info] [queue_elements.cpp:46] [~BaseQueueElement] Queue element UserBufQEl_post_infer0yolov8n/yolov8_nms_postprocess has 0 frames in his Queue on destruction
[2025-08-07 05:48:35.264] [3508] [HailoRT] [info] [queue_elements.cpp:68] [operator()] Thread in element PullQEl_nms0yolov8n/conv63_97 is not running anymore, exiting..
[2025-08-07 05:48:35.264] [3488] [HailoRT] [info] [queue_elements.cpp:46] [~BaseQueueElement] Queue element PullQEl_nms0yolov8n/conv63_97 has 0 frames in his Queue on destruction
[2025-08-07 05:48:35.264] [3507] [HailoRT] [info] [queue_elements.cpp:68] [operator()] Thread in element PullQEl_nms1yolov8n/conv62_97 is not running anymore, exiting..
[2025-08-07 05:48:35.264] [3488] [HailoRT] [info] [queue_elements.cpp:46] [~BaseQueueElement] Queue element PullQEl_nms1yolov8n/conv62_97 has 0 frames in his Queue on destruction
[2025-08-07 05:48:35.264] [3506] [HailoRT] [info] [queue_elements.cpp:68] [operator()] Thread in element PullQEl_nms0yolov8n/conv53_97 is not running anymore, exiting..
[2025-08-07 05:48:35.265] [3488] [HailoRT] [info] [queue_elements.cpp:46] [~BaseQueueElement] Queue element PullQEl_nms0yolov8n/conv53_97 has 0 frames in his Queue on destruction
[2025-08-07 05:48:35.265] [3505] [HailoRT] [info] [queue_elements.cpp:68] [operator()] Thread in element PullQEl_nms3yolov8n/conv52_97 is not running anymore, exiting..
[2025-08-07 05:48:35.265] [3488] [HailoRT] [info] [queue_elements.cpp:46] [~BaseQueueElement] Queue element PullQEl_nms3yolov8n/conv52_97 has 0 frames in his Queue on destruction
[2025-08-07 05:48:35.265] [3504] [HailoRT] [info] [queue_elements.cpp:68] [operator()] Thread in element PullQEl_nms1yolov8n/conv42_97 is not running anymore, exiting..
[2025-08-07 05:48:35.265] [3488] [HailoRT] [info] [queue_elements.cpp:46] [~BaseQueueElement] Queue element PullQEl_nms1yolov8n/conv42_97 has 0 frames in his Queue on destruction
[2025-08-07 05:48:35.265] [3503] [HailoRT] [info] [queue_elements.cpp:68] [operator()] Thread in element PullQEl_nms2yolov8n/conv41_97 is not running anymore, exiting..
[2025-08-07 05:48:35.265] [3488] [HailoRT] [info] [queue_elements.cpp:46] [~BaseQueueElement] Queue element PullQEl_nms2yolov8n/conv41_97 has 0 frames in his Queue on destruction
[2025-08-07 05:48:35.265] [3502] [HailoRT] [info] [queue_elements.cpp:68] [operator()] Thread in element PushQEl10yolov8n/input_layer1 is not running anymore, exiting..
[2025-08-07 05:48:35.265] [3488] [HailoRT] [info] [queue_elements.cpp:46] [~BaseQueueElement] Queue element PushQEl10yolov8n/input_layer1 has 0 frames in his Queue on destruction
[2025-08-07 05:48:35.266] [3488] [HailoRT] [info] [core_op.cpp:186] [deactivate] Deactivating took 0.616092 ms
[2025-08-07 05:48:35.266] [3488] [HailoRT] [info] [core_op.cpp:186] [deactivate] Deactivating took 0.627389 ms
[2025-08-07 05:48:38.957] [6041] [HailoRT] [info] [vdevice.cpp:523] [create] Creating vdevice with params: device_count: 1, scheduling_algorithm: NONE, multi_process_service: false
[2025-08-07 05:48:38.968] [6041] [HailoRT] [info] [device.cpp:49] [Device] OS Version: Linux 6.12.34+rpt-rpi-2712 #1 SMP PREEMPT Debian 1:6.12.34-1+rpt1~bookworm (2025-06-26) aarch64
[2025-08-07 05:48:38.970] [6041] [HailoRT] [info] [control.cpp:108] [control__parse_identify_results] firmware_version is: 4.20.0
[2025-08-07 05:48:38.970] [6041] [HailoRT] [info] [vdevice.cpp:651] [create] VDevice Infos: 0001:01:00.0
[2025-08-07 05:48:38.987] [6041] [HailoRT] [info] [internal_buffer_manager.cpp:204] [print_execution_results] Planned internal buffer memory: CMA memory 0, user memory 925696. memory to edge layer usage factor is 1
[2025-08-07 05:48:38.987] [6041] [HailoRT] [info] [internal_buffer_manager.cpp:212] [print_execution_results] Default Internal buffer planner executed successfully
[2025-08-07 05:48:39.010] [6041] [HailoRT] [info] [device_internal.cpp:57] [configure] Configuring HEF took 28.927646 milliseconds
[2025-08-07 05:48:39.010] [6041] [HailoRT] [info] [vdevice.cpp:749] [configure] Configuring HEF on VDevice took 29.301886 milliseconds
[2025-08-07 05:48:39.010] [6041] [HailoRT] [info] [hef.cpp:1929] [get_network_group_and_network_name] No name was given. Addressing all networks of default network_group: yolov8n
[2025-08-07 05:48:39.010] [6041] [HailoRT] [info] [hef.cpp:1929] [get_network_group_and_network_name] No name was given. Addressing all networks of default network_group: yolov8n
[2025-08-07 05:48:39.011] [6041] [HailoRT] [info] [core_op.cpp:156] [activate] Activating yolov8n took 0.466314 milliseconds. Note that the function is asynchronous and thus the network is not fully activated yet.
[2025-08-07 05:48:39.011] [6041] [HailoRT] [info] [core_op.cpp:156] [activate] Activating yolov8n took 0.480296 milliseconds. Note that the function is asynchronous and thus the network is not fully activated yet.
[2025-08-07 05:48:39.011] [6041] [HailoRT] [info] [edge_elements.cpp:52] [create] Created (HwWriteEl10yolov8n/input_layer1 | hw_frame_size: 1228800)
[2025-08-07 05:48:39.011] [6041] [HailoRT] [info] [queue_elements.cpp:284] [create] Created (PushQEl10yolov8n/input_layer1 | timeout: 10s)
[2025-08-07 05:48:39.012] [6041] [HailoRT] [info] [filter_elements.cpp:101] [create] Created (PreInferEl10yolov8n/input_layer1 | Reorder - src_order: NHWC, src_shape: (640, 640, 3), dst_order: NHCW, dst_shape: (640, 640, 3))
[2025-08-07 05:48:39.012] [6041] [HailoRT] [info] [vstream.cpp:754] [InputVStreamImpl] Creating yolov8n/input_layer1...
[2025-08-07 05:48:39.012] [6041] [HailoRT] [info] [vstream_builder.cpp:102] [create_inputs] Input pipeline 'yolov8n/input_layer1': (PreInferEl10yolov8n/input_layer1 | Reorder - src_order: NHWC, src_shape: (640, 640, 3), dst_order: NHCW, dst_shape: (640, 640, 3)) >> (PushQEl10yolov8n/input_layer1 | timeout: 10s) >> (HwWriteEl10yolov8n/input_layer1 | hw_frame_size: 1228800) >> HW
[2025-08-07 05:48:39.012] [6041] [HailoRT] [info] [multi_io_elements.cpp:135] [create] Created (NmsPPMuxEl0YOLOV8-Post-Process | Op YOLOV8, Name: YOLOV8-Post-Process, Score threshold: 0.200, IoU threshold: 0.70, Classes: 80, Cross classes: false, NMS results order: BY_CLASS, Max bboxes per class: 100, Image height: 640, Image width: 640)
[2025-08-07 05:48:39.012] [6041] [HailoRT] [info] [edge_elements.cpp:287] [create] Created (HwReadEl2yolov8n/conv41_97 | hw_frame_size: 409600)
[2025-08-07 05:48:39.012] [6041] [HailoRT] [info] [queue_elements.cpp:657] [create] Created (PullQEl_nms2yolov8n/conv41_97 | timeout: 10s)
[2025-08-07 05:48:39.012] [6041] [HailoRT] [info] [edge_elements.cpp:287] [create] Created (HwReadEl1yolov8n/conv42_97 | hw_frame_size: 512000)
[2025-08-07 05:48:39.012] [6041] [HailoRT] [info] [queue_elements.cpp:657] [create] Created (PullQEl_nms1yolov8n/conv42_97 | timeout: 10s)
[2025-08-07 05:48:39.012] [6041] [HailoRT] [info] [edge_elements.cpp:287] [create] Created (HwReadEl3yolov8n/conv52_97 | hw_frame_size: 102400)
[2025-08-07 05:48:39.012] [6041] [HailoRT] [info] [queue_elements.cpp:657] [create] Created (PullQEl_nms3yolov8n/conv52_97 | timeout: 10s)
[2025-08-07 05:48:39.012] [6041] [HailoRT] [info] [edge_elements.cpp:287] [create] Created (HwReadEl0yolov8n/conv53_97 | hw_frame_size: 128000)
[2025-08-07 05:48:39.012] [6041] [HailoRT] [info] [queue_elements.cpp:657] [create] Created (PullQEl_nms0yolov8n/conv53_97 | timeout: 10s)
[2025-08-07 05:48:39.012] [6041] [HailoRT] [info] [edge_elements.cpp:287] [create] Created (HwReadEl1yolov8n/conv62_97 | hw_frame_size: 30720)
[2025-08-07 05:48:39.012] [6041] [HailoRT] [info] [queue_elements.cpp:657] [create] Created (PullQEl_nms1yolov8n/conv62_97 | timeout: 10s)
[2025-08-07 05:48:39.012] [6041] [HailoRT] [info] [edge_elements.cpp:287] [create] Created (HwReadEl0yolov8n/conv63_97 | hw_frame_size: 38400)
[2025-08-07 05:48:39.013] [6041] [HailoRT] [info] [queue_elements.cpp:657] [create] Created (PullQEl_nms0yolov8n/conv63_97 | timeout: 10s)
[2025-08-07 05:48:39.013] [6041] [HailoRT] [info] [queue_elements.cpp:800] [create] Created (UserBufQEl_post_infer0yolov8n/yolov8_nms_postprocess | timeout: 10s)
[2025-08-07 05:48:39.013] [6041] [HailoRT] [info] [vstream.cpp:1114] [OutputVStreamImpl] Creating yolov8n/yolov8_nms_postprocess...
[2025-08-07 05:48:39.013] [6041] [HailoRT] [info] [vstream_builder.cpp:622] [create_output_post_process_nms] Output pipeline 'yolov8n/yolov8_nms_postprocess': HW >> (HwReadEl2yolov8n/conv41_97 | hw_frame_size: 409600) >> (PullQEl_nms2yolov8n/conv41_97) >> (HwReadEl1yolov8n/conv42_97 | hw_frame_size: 512000) >> (PullQEl_nms1yolov8n/conv42_97) >> (HwReadEl3yolov8n/conv52_97 | hw_frame_size: 102400) >> (PullQEl_nms3yolov8n/conv52_97) >> (HwReadEl0yolov8n/conv53_97 | hw_frame_size: 128000) >> (PullQEl_nms0yolov8n/conv53_97) >> (HwReadEl1yolov8n/conv62_97 | hw_frame_size: 30720) >> (PullQEl_nms1yolov8n/conv62_97) >> (HwReadEl0yolov8n/conv63_97 | hw_frame_size: 38400) >> (PullQEl_nms0yolov8n/conv63_97) >> (NmsPPMuxEl0YOLOV8-Post-Process | Op YOLOV8, Name: YOLOV8-Post-Process, Score threshold: 0.200, IoU threshold: 0.70, Classes: 80, Cross classes: false, NMS results order: BY_CLASS, Max bboxes per class: 100, Image height: 640, Image width: 640) >> (UserBufQEl_post_infer0yolov8n/yolov8_nms_postprocess | timeout: 10s)
[2025-08-07 05:51:12.014] [6058] [HailoRT] [info] [vdevice_native_stream.cpp:331] [read_impl] Failed read from stream HAILO_STREAM_ABORT(63) (device: 0001:01:00.0)
[2025-08-07 05:51:12.014] [6061] [HailoRT] [info] [vdevice_native_stream.cpp:331] [read_impl] Failed read from stream HAILO_STREAM_ABORT(63) (device: 0001:01:00.0)
[2025-08-07 05:51:12.014] [6061] [HailoRT] [info] [edge_elements.cpp:396] [run_pull] Reading from stream was aborted!
[2025-08-07 05:51:12.014] [6063] [HailoRT] [info] [vdevice_native_stream.cpp:331] [read_impl] Failed read from stream HAILO_STREAM_ABORT(63) (device: 0001:01:00.0)
[2025-08-07 05:51:12.014] [6063] [HailoRT] [info] [edge_elements.cpp:396] [run_pull] Reading from stream was aborted!
[2025-08-07 05:51:12.014] [6059] [HailoRT] [info] [vdevice_native_stream.cpp:331] [read_impl] Failed read from stream HAILO_STREAM_ABORT(63) (device: 0001:01:00.0)
[2025-08-07 05:51:12.014] [6059] [HailoRT] [info] [edge_elements.cpp:396] [run_pull] Reading from stream was aborted!
[2025-08-07 05:51:12.014] [6063] [HailoRT] [info] [queue_elements.cpp:738] [run_in_thread] run_pull of queue element PullQEl_nms0yolov8n/conv63_97 was aborted!
[2025-08-07 05:51:12.014] [6060] [HailoRT] [info] [vdevice_native_stream.cpp:331] [read_impl] Failed read from stream HAILO_STREAM_ABORT(63) (device: 0001:01:00.0)
[2025-08-07 05:51:12.014] [6060] [HailoRT] [info] [edge_elements.cpp:396] [run_pull] Reading from stream was aborted!
[2025-08-07 05:51:12.014] [6062] [HailoRT] [info] [vdevice_native_stream.cpp:331] [read_impl] Failed read from stream HAILO_STREAM_ABORT(63) (device: 0001:01:00.0)
[2025-08-07 05:51:12.014] [6058] [HailoRT] [info] [edge_elements.cpp:396] [run_pull] Reading from stream was aborted!
[2025-08-07 05:51:12.014] [6060] [HailoRT] [info] [queue_elements.cpp:738] [run_in_thread] run_pull of queue element PullQEl_nms3yolov8n/conv52_97 was aborted!
[2025-08-07 05:51:12.014] [6062] [HailoRT] [info] [edge_elements.cpp:396] [run_pull] Reading from stream was aborted!
[2025-08-07 05:51:12.014] [6058] [HailoRT] [info] [queue_elements.cpp:738] [run_in_thread] run_pull of queue element PullQEl_nms2yolov8n/conv41_97 was aborted!
[2025-08-07 05:51:12.014] [6059] [HailoRT] [info] [queue_elements.cpp:738] [run_in_thread] run_pull of queue element PullQEl_nms1yolov8n/conv42_97 was aborted!
[2025-08-07 05:51:12.014] [6062] [HailoRT] [info] [queue_elements.cpp:738] [run_in_thread] run_pull of queue element PullQEl_nms1yolov8n/conv62_97 was aborted!
[2025-08-07 05:51:12.014] [6061] [HailoRT] [info] [queue_elements.cpp:738] [run_in_thread] run_pull of queue element PullQEl_nms0yolov8n/conv53_97 was aborted!
[2025-08-07 05:51:12.014] [6064] [HailoRT] [info] [queue_elements.cpp:68] [operator()] Thread in element UserBufQEl_post_infer0yolov8n/yolov8_nms_postprocess is not running anymore, exiting..
[2025-08-07 05:51:12.014] [6041] [HailoRT] [info] [queue_elements.cpp:46] [~BaseQueueElement] Queue element UserBufQEl_post_infer0yolov8n/yolov8_nms_postprocess has 0 frames in his Queue on destruction
[2025-08-07 05:51:12.014] [6063] [HailoRT] [info] [queue_elements.cpp:68] [operator()] Thread in element PullQEl_nms0yolov8n/conv63_97 is not running anymore, exiting..
[2025-08-07 05:51:12.014] [6041] [HailoRT] [info] [queue_elements.cpp:46] [~BaseQueueElement] Queue element PullQEl_nms0yolov8n/conv63_97 has 0 frames in his Queue on destruction
[2025-08-07 05:51:12.014] [6062] [HailoRT] [info] [queue_elements.cpp:68] [operator()] Thread in element PullQEl_nms1yolov8n/conv62_97 is not running anymore, exiting..
[2025-08-07 05:51:12.014] [6041] [HailoRT] [info] [queue_elements.cpp:46] [~BaseQueueElement] Queue element PullQEl_nms1yolov8n/conv62_97 has 0 frames in his Queue on destruction
[2025-08-07 05:51:12.014] [6061] [HailoRT] [info] [queue_elements.cpp:68] [operator()] Thread in element PullQEl_nms0yolov8n/conv53_97 is not running anymore, exiting..
[2025-08-07 05:51:12.014] [6041] [HailoRT] [info] [queue_elements.cpp:46] [~BaseQueueElement] Queue element PullQEl_nms0yolov8n/conv53_97 has 0 frames in his Queue on destruction
[2025-08-07 05:51:12.014] [6060] [HailoRT] [info] [queue_elements.cpp:68] [operator()] Thread in element PullQEl_nms3yolov8n/conv52_97 is not running anymore, exiting..
[2025-08-07 05:51:12.014] [6041] [HailoRT] [info] [queue_elements.cpp:46] [~BaseQueueElement] Queue element PullQEl_nms3yolov8n/conv52_97 has 0 frames in his Queue on destruction
[2025-08-07 05:51:12.014] [6059] [HailoRT] [info] [queue_elements.cpp:68] [operator()] Thread in element PullQEl_nms1yolov8n/conv42_97 is not running anymore, exiting..
[2025-08-07 05:51:12.014] [6041] [HailoRT] [info] [queue_elements.cpp:46] [~BaseQueueElement] Queue element PullQEl_nms1yolov8n/conv42_97 has 0 frames in his Queue on destruction
[2025-08-07 05:51:12.014] [6058] [HailoRT] [info] [queue_elements.cpp:68] [operator()] Thread in element PullQEl_nms2yolov8n/conv41_97 is not running anymore, exiting..
[2025-08-07 05:51:12.014] [6041] [HailoRT] [info] [queue_elements.cpp:46] [~BaseQueueElement] Queue element PullQEl_nms2yolov8n/conv41_97 has 0 frames in his Queue on destruction
[2025-08-07 05:51:12.015] [6041] [HailoRT] [info] [queue_elements.cpp:46] [~BaseQueueElement] Queue element PushQEl10yolov8n/input_layer1 has 0 frames in his Queue on destruction
[2025-08-07 05:51:12.015] [6041] [HailoRT] [info] [core_op.cpp:186] [deactivate] Deactivating took 0.604944 ms
[2025-08-07 05:51:12.015] [6041] [HailoRT] [info] [core_op.cpp:186] [deactivate] Deactivating took 0.615647 ms
[2025-08-07 05:51:18.604] [7637] [HailoRT] [info] [vdevice.cpp:523] [create] Creating vdevice with params: device_count: 1, scheduling_algorithm: NONE, multi_process_service: false
[2025-08-07 05:51:18.616] [7637] [HailoRT] [info] [device.cpp:49] [Device] OS Version: Linux 6.12.34+rpt-rpi-2712 #1 SMP PREEMPT Debian 1:6.12.34-1+rpt1~bookworm (2025-06-26) aarch64
[2025-08-07 05:51:18.617] [7637] [HailoRT] [info] [control.cpp:108] [control__parse_identify_results] firmware_version is: 4.20.0
[2025-08-07 05:51:18.617] [7637] [HailoRT] [info] [vdevice.cpp:651] [create] VDevice Infos: 0001:01:00.0
[2025-08-07 05:51:18.637] [7637] [HailoRT] [info] [internal_buffer_manager.cpp:204] [print_execution_results] Planned internal buffer memory: CMA memory 0, user memory 925696. memory to edge layer usage factor is 1
[2025-08-07 05:51:18.637] [7637] [HailoRT] [info] [internal_buffer_manager.cpp:212] [print_execution_results] Default Internal buffer planner executed successfully
[2025-08-07 05:51:18.659] [7637] [HailoRT] [info] [device_internal.cpp:57] [configure] Configuring HEF took 27.730702 milliseconds
[2025-08-07 05:51:18.659] [7637] [HailoRT] [info] [vdevice.cpp:749] [configure] Configuring HEF on VDevice took 28.107091 milliseconds
[2025-08-07 05:51:18.659] [7637] [HailoRT] [info] [hef.cpp:1929] [get_network_group_and_network_name] No name was given. Addressing all networks of default network_group: yolov8n
[2025-08-07 05:51:18.659] [7637] [HailoRT] [info] [hef.cpp:1929] [get_network_group_and_network_name] No name was given. Addressing all networks of default network_group: yolov8n
[2025-08-07 05:51:18.660] [7637] [HailoRT] [info] [core_op.cpp:156] [activate] Activating yolov8n took 0.498111 milliseconds. Note that the function is asynchronous and thus the network is not fully activated yet.
[2025-08-07 05:51:18.660] [7637] [HailoRT] [info] [core_op.cpp:156] [activate] Activating yolov8n took 0.512981 milliseconds. Note that the function is asynchronous and thus the network is not fully activated yet.
[2025-08-07 05:51:18.661] [7637] [HailoRT] [info] [edge_elements.cpp:52] [create] Created (HwWriteEl10yolov8n/input_layer1 | hw_frame_size: 1228800)
[2025-08-07 05:51:18.661] [7637] [HailoRT] [info] [queue_elements.cpp:284] [create] Created (PushQEl10yolov8n/input_layer1 | timeout: 10s)
[2025-08-07 05:51:18.661] [7637] [HailoRT] [info] [filter_elements.cpp:101] [create] Created (PreInferEl10yolov8n/input_layer1 | Reorder - src_order: NHWC, src_shape: (640, 640, 3), dst_order: NHCW, dst_shape: (640, 640, 3))
[2025-08-07 05:51:18.661] [7637] [HailoRT] [info] [vstream.cpp:754] [InputVStreamImpl] Creating yolov8n/input_layer1...
[2025-08-07 05:51:18.661] [7637] [HailoRT] [info] [vstream_builder.cpp:102] [create_inputs] Input pipeline 'yolov8n/input_layer1': (PreInferEl10yolov8n/input_layer1 | Reorder - src_order: NHWC, src_shape: (640, 640, 3), dst_order: NHCW, dst_shape: (640, 640, 3)) >> (PushQEl10yolov8n/input_layer1 | timeout: 10s) >> (HwWriteEl10yolov8n/input_layer1 | hw_frame_size: 1228800) >> HW
[2025-08-07 05:51:18.661] [7637] [HailoRT] [info] [multi_io_elements.cpp:135] [create] Created (NmsPPMuxEl0YOLOV8-Post-Process | Op YOLOV8, Name: YOLOV8-Post-Process, Score threshold: 0.200, IoU threshold: 0.70, Classes: 80, Cross classes: false, NMS results order: BY_CLASS, Max bboxes per class: 100, Image height: 640, Image width: 640)
[2025-08-07 05:51:18.661] [7637] [HailoRT] [info] [edge_elements.cpp:287] [create] Created (HwReadEl2yolov8n/conv41_97 | hw_frame_size: 409600)
[2025-08-07 05:51:18.661] [7637] [HailoRT] [info] [queue_elements.cpp:657] [create] Created (PullQEl_nms2yolov8n/conv41_97 | timeout: 10s)
[2025-08-07 05:51:18.661] [7637] [HailoRT] [info] [edge_elements.cpp:287] [create] Created (HwReadEl1yolov8n/conv42_97 | hw_frame_size: 512000)
[2025-08-07 05:51:18.661] [7637] [HailoRT] [info] [queue_elements.cpp:657] [create] Created (PullQEl_nms1yolov8n/conv42_97 | timeout: 10s)
[2025-08-07 05:51:18.661] [7637] [HailoRT] [info] [edge_elements.cpp:287] [create] Created (HwReadEl3yolov8n/conv52_97 | hw_frame_size: 102400)
[2025-08-07 05:51:18.661] [7637] [HailoRT] [info] [queue_elements.cpp:657] [create] Created (PullQEl_nms3yolov8n/conv52_97 | timeout: 10s)
[2025-08-07 05:51:18.661] [7637] [HailoRT] [info] [edge_elements.cpp:287] [create] Created (HwReadEl0yolov8n/conv53_97 | hw_frame_size: 128000)
[2025-08-07 05:51:18.661] [7637] [HailoRT] [info] [queue_elements.cpp:657] [create] Created (PullQEl_nms0yolov8n/conv53_97 | timeout: 10s)
[2025-08-07 05:51:18.661] [7637] [HailoRT] [info] [edge_elements.cpp:287] [create] Created (HwReadEl1yolov8n/conv62_97 | hw_frame_size: 30720)
[2025-08-07 05:51:18.661] [7637] [HailoRT] [info] [queue_elements.cpp:657] [create] Created (PullQEl_nms1yolov8n/conv62_97 | timeout: 10s)
[2025-08-07 05:51:18.661] [7637] [HailoRT] [info] [edge_elements.cpp:287] [create] Created (HwReadEl0yolov8n/conv63_97 | hw_frame_size: 38400)
[2025-08-07 05:51:18.661] [7637] [HailoRT] [info] [queue_elements.cpp:657] [create] Created (PullQEl_nms0yolov8n/conv63_97 | timeout: 10s)
[2025-08-07 05:51:18.661] [7637] [HailoRT] [info] [queue_elements.cpp:800] [create] Created (UserBufQEl_post_infer0yolov8n/yolov8_nms_postprocess | timeout: 10s)
[2025-08-07 05:51:18.662] [7637] [HailoRT] [info] [vstream.cpp:1114] [OutputVStreamImpl] Creating yolov8n/yolov8_nms_postprocess...
[2025-08-07 05:51:18.662] [7637] [HailoRT] [info] [vstream_builder.cpp:622] [create_output_post_process_nms] Output pipeline 'yolov8n/yolov8_nms_postprocess': HW >> (HwReadEl2yolov8n/conv41_97 | hw_frame_size: 409600) >> (PullQEl_nms2yolov8n/conv41_97) >> (HwReadEl1yolov8n/conv42_97 | hw_frame_size: 512000) >> (PullQEl_nms1yolov8n/conv42_97) >> (HwReadEl3yolov8n/conv52_97 | hw_frame_size: 102400) >> (PullQEl_nms3yolov8n/conv52_97) >> (HwReadEl0yolov8n/conv53_97 | hw_frame_size: 128000) >> (PullQEl_nms0yolov8n/conv53_97) >> (HwReadEl1yolov8n/conv62_97 | hw_frame_size: 30720) >> (PullQEl_nms1yolov8n/conv62_97) >> (HwReadEl0yolov8n/conv63_97 | hw_frame_size: 38400) >> (PullQEl_nms0yolov8n/conv63_97) >> (NmsPPMuxEl0YOLOV8-Post-Process | Op YOLOV8, Name: YOLOV8-Post-Process, Score threshold: 0.200, IoU threshold: 0.70, Classes: 80, Cross classes: false, NMS results order: BY_CLASS, Max bboxes per class: 100, Image height: 640, Image width: 640) >> (UserBufQEl_post_infer0yolov8n/yolov8_nms_postprocess | timeout: 10s)
